[INFO] ------------------------------------------------------------------------
[INFO] Building FM-backend 0.0.1-SNAPSHOT
[INFO] --------------------------------------------------- ---------------------
[INFO] 
[INFO] --- maven-dependency-plugin:2.10:tree (default-cli) @ FM-backend ---
[WARNING] Using Maven 2 dependency tree to get verbose output, which may be inconsistent with actual Maven 3 resolution
[INFO] com.devglan:FM-backend:war:0.0.1-SNAPSHOT
[INFO] +- org.springframework.boot:spring-boot-starter-web:jar:1.5.1.RELEASE:compile
[INFO] |  +- org.springframework.boot:spring-boot-starter:jar:1.5.1.RELEASE:compile
[INFO] |  |  +- org.springframework.boot:spring-boot:jar:1.5.1.RELEASE:compile
[INFO] |  |  |  +- (org.springframework:spring-core:jar:4.3.6.RELEASE:compile - omitted for duplicate)
[INFO] |  |  |  \- (org.springframework:spring-context:jar:4.3.6.RELEASE:compile - omitted for duplicate)
[INFO] |  |  +- org.springframework.boot:spring-boot-autoconfigure:jar:1.5.1.RELEASE:compile
[INFO] |  |  |  \- (org.springframework.boot:spring-boot:jar:1.5.1.RELEASE:compile - omitted for duplicate)
[INFO] |  |  +- org.springframework.boot:spring-boot-starter-logging:jar:1.5.1.RELEASE:compile
[INFO] |  |  |  +- ch.qos.logback:logback-classic:jar:1.1.9:compile
[INFO] |  |  |  |  +- ch.qos.logback:logback-core:jar:1.1.9:compile
[INFO] |  |  |  |  \- (org.slf4j:slf4j-api:jar:1.7.22:compile - omitted for duplicate)
[INFO] |  |  |  +- org.slf4j:jcl-over-slf4j:jar:1.7.22:compile
[INFO] |  |  |  |  \- (org.slf4j:slf4j-api:jar:1.7.22:compile - omitted for duplicate)
[INFO] |  |  |  +- org.slf4j:jul-to-slf4j:jar:1.7.22:compile
[INFO] |  |  |  |  \- (org.slf4j:slf4j-api:jar:1.7.22:compile - omitted for duplicate)
[INFO] |  |  |  \- org.slf4j:log4j-over-slf4j:jar:1.7.22:compile
[INFO] |  |  |     \- (org.slf4j:slf4j-api:jar:1.7.22:compile - omitted for duplicate)
[INFO] |  |  +- org.springframework:spring-core:jar:4.3.6.RELEASE:compile
[INFO] |  |  \- org.yaml:snakeyaml:jar:1.17:runtime
[INFO] |  +- (org.springframework.boot:spring-boot-starter-tomcat:jar:1.5.1.RELEASE:compile - omitted for duplicate)
[INFO] |  +- org.hibernate:hibernate-validator:jar:5.3.4.Final:compile
[INFO] |  |  +- javax.validation:validation-api:jar:1.1.0.Final:compile
[INFO] |  |  +- org.jboss.logging:jboss-logging:jar:3.3.0.Final:compile
[INFO] |  |  \- com.fasterxml:classmate:jar:1.3.3:compile (version managed from 1.3.1)
[INFO] |  +- com.fasterxml.jackson.core:jackson-databind:jar:2.8.6:compile
[INFO] |  |  +- com.fasterxml.jackson.core:jackson-annotations:jar:2.8.0:compile
[INFO] |  |  \- com.fasterxml.jackson.core:jackson-core:jar:2.8.6:compile
[INFO] |  +- org.springframework:spring-web:jar:4.3.6.RELEASE:compile
[INFO] |  |  +- org.springframework:spring-aop:jar:4.3.6.RELEASE:compile
[INFO] |  |  |  +- (org.springframework:spring-beans:jar:4.3.6.RELEASE:compile - omitted for duplicate)
[INFO] |  |  |  \- (org.springframework:spring-core:jar:4.3.6.RELEASE:compile - omitted for duplicate)
[INFO] |  |  +- org.springframework:spring-beans:jar:4.3.6.RELEASE:compile
[INFO] |  |  |  \- (org.springframework:spring-core:jar:4.3.6.RELEASE:compile - omitted for duplicate)
[INFO] |  |  +- org.springframework:spring-context:jar:4.3.6.RELEASE:compile
[INFO] |  |  |  +- (org.springframework:spring-aop:jar:4.3.6.RELEASE:compile - omitted for duplicate)
[INFO] |  |  |  +- (org.springframework:spring-beans:jar:4.3.6.RELEASE:compile - omitted for duplicate)
[INFO] |  |  |  +- (org.springframework:spring-core:jar:4.3.6.RELEASE:compile - omitted for duplicate)
[INFO] |  |  |  \- (org.springframework:spring-expression:jar:4.3.6.RELEASE:compile - omitted for duplicate)
[INFO] |  |  \- (org.springframework:spring-core:jar:4.3.6.RELEASE:compile - omitted for duplicate)
[INFO] |  \- org.springframework:spring-webmvc:jar:4.3.6.RELEASE:compile
[INFO] |     +- (org.springframework:spring-aop:jar:4.3.6.RELEASE:compile - omitted for duplicate)
[INFO] |     +- (org.springframework:spring-beans:jar:4.3.6.RELEASE:compile - omitted for duplicate)
[INFO] |     +- (org.springframework:spring-context:jar:4.3.6.RELEASE:compile - omitted for duplicate)
[INFO] |     +- (org.springframework:spring-core:jar:4.3.6.RELEASE:compile - omitted for duplicate)
[INFO] |     +- org.springframework:spring-expression:jar:4.3.6.RELEASE:compile
[INFO] |     |  \- (org.springframework:spring-core:jar:4.3.6.RELEASE:compile - omitted for duplicate)
[INFO] |     \- (org.springframework:spring-web:jar:4.3.6.RELEASE:compile - omitted for duplicate)
[INFO] +- org.springframework.boot:spring-boot-starter-tomcat:jar:1.5.1.RELEASE:compile
[INFO] |  +- org.apache.tomcat.embed:tomcat-embed-core:jar:8.5.11:compile
[INFO] |  +- org.apache.tomcat.embed:tomcat-embed-el:jar:8.5.11:compile
[INFO] |  \- org.apache.tomcat.embed:tomcat-embed-websocket:jar:8.5.11:compile
[INFO] |     \- (org.apache.tomcat.embed:tomcat-embed-core:jar:8.5.11:compile - omitted for duplicate)
[INFO] +- mysql:mysql-connector-java:jar:5.1.40:compile
[INFO] +- hsqldb:hsqldb:jar:1.8.0.10:test
[INFO] +- org.springframework.boot:spring-boot-starter-data-jpa:jar:1.5.1.RELEASE:compile
[INFO] |  +- (org.springframework.boot:spring-boot-starter:jar:1.5.1.RELEASE:compile - omitted for duplicate)
[INFO] |  +- org.springframework.boot:spring-boot-starter-aop:jar:1.5.1.RELEASE:compile
[INFO] |  |  +- (org.springframework.boot:spring-boot-starter:jar:1.5.1.RELEASE:compile - omitted for duplicate)
[INFO] |  |  +- (org.springframework:spring-aop:jar:4.3.6.RELEASE:compile - omitted for duplicate)
[INFO] |  |  \- org.aspectj:aspectjweaver:jar:1.8.9:compile
[INFO] |  +- org.springframework.boot:spring-boot-starter-jdbc:jar:1.5.1.RELEASE:compile
[INFO] |  |  +- (org.springframework.boot:spring-boot-starter:jar:1.5.1.RELEASE:compile - omitted for duplicate)
[INFO] |  |  \- org.springframework:spring-jdbc:jar:4.3.6.RELEASE:compile
[INFO] |  |     +- (org.springframework:spring-beans:jar:4.3.6.RELEASE:compile - omitted for duplicate)
[INFO] |  |     +- (org.springframework:spring-core:jar:4.3.6.RELEASE:compile - omitted for duplicate)
[INFO] |  |     \- (org.springframework:spring-tx:jar:4.3.6.RELEASE:compile - omitted for duplicate)
[INFO] |  +- org.hibernate:hibernate-core:jar:5.0.11.Final:compile
[INFO] |  |  +- (org.jboss.logging:jboss-logging:jar:3.3.0.Final:compile - omitted for duplicate)
[INFO] |  |  +- org.hibernate.javax.persistence:hibernate-jpa-2.1-api:jar:1.0.0.Final:compile
[INFO] |  |  +- org.javassist:javassist:jar:3.21.0-GA:compile (version managed from 3.18.1-GA)
[INFO] |  |  +- antlr:antlr:jar:2.7.7:compile
[INFO] |  |  +- org.jboss:jandex:jar:2.0.0.Final:compile
[INFO] |  |  +- dom4j:dom4j:jar:1.6.1:compile
[INFO] |  |  \- org.hibernate.common:hibernate-commons-annotations:jar:5.0.1.Final:compile
[INFO] |  |     \- (org.jboss.logging:jboss-logging:jar:3.3.0.Final:compile - omitted for duplicate)
[INFO] |  +- org.hibernate:hibernate-entitymanager:jar:5.0.11.Final:compile
[INFO] |  |  +- (org.jboss.logging:jboss-logging:jar:3.3.0.Final:compile - omitted for duplicate)
[INFO] |  |  +- (org.hibernate:hibernate-core:jar:5.0.11.Final:compile - omitted for duplicate)
[INFO] |  |  +- (dom4j:dom4j:jar:1.6.1:compile - omitted for duplicate)
[INFO] |  |  +- (org.hibernate.common:hibernate-commons-annotations:jar:5.0.1.Final:compile - omitted for duplicate)
[INFO] |  |  +- (org.hibernate.javax.persistence:hibernate-jpa-2.1-api:jar:1.0.0.Final:compile - omitted for duplicate)
[INFO] |  |  \- (org.javassist:javassist:jar:3.21.0-GA:compile - version managed from 3.18.1-GA; omitted for duplicate)
[INFO] |  +- javax.transaction:javax.transaction-api:jar:1.2:compile
[INFO] |  +- org.springframework.data:spring-data-jpa:jar:1.11.0.RELEASE:compile
[INFO] |  |  +- org.springframework.data:spring-data-commons:jar:1.13.0.RELEASE:compile
[INFO] |  |  |  +- (org.springframework:spring-core:jar:4.3.6.RELEASE:compile - omitted for duplicate)
[INFO] |  |  |  +- (org.springframework:spring-beans:jar:4.3.6.RELEASE:compile - omitted for duplicate)
[INFO] |  |  |  +- (org.slf4j:slf4j-api:jar:1.7.22:compile - omitted for duplicate)
[INFO] |  |  |  \- (org.slf4j:jcl-over-slf4j:jar:1.7.22:runtime - omitted for duplicate)
[INFO] |  |  +- org.springframework:spring-orm:jar:4.3.6.RELEASE:compile
[INFO] |  |  |  +- (org.springframework:spring-beans:jar:4.3.6.RELEASE:compile - omitted for duplicate)
[INFO] |  |  |  +- (org.springframework:spring-core:jar:4.3.6.RELEASE:compile - omitted for duplicate)
[INFO] |  |  |  +- (org.springframework:spring-jdbc:jar:4.3.6.RELEASE:compile - omitted for duplicate)
[INFO] |  |  |  \- (org.springframework:spring-tx:jar:4.3.6.RELEASE:compile - omitted for duplicate)
[INFO] |  |  +- (org.springframework:spring-context:jar:4.3.6.RELEASE:compile - omitted for duplicate)
[INFO] |  |  +- (org.springframework:spring-aop:jar:4.3.6.RELEASE:compile - omitted for duplicate)
[INFO] |  |  +- org.springframework:spring-tx:jar:4.3.6.RELEASE:compile
[INFO] |  |  |  +- (org.springframework:spring-beans:jar:4.3.6.RELEASE:compile - omitted for duplicate)
[INFO] |  |  |  \- (org.springframework:spring-core:jar:4.3.6.RELEASE:compile - omitted for duplicate)
[INFO] |  |  +- (org.springframework:spring-beans:jar:4.3.6.RELEASE:compile - omitted for duplicate)
[INFO] |  |  +- (org.springframework:spring-core:jar:4.3.6.RELEASE:compile - omitted for duplicate)
[INFO] |  |  +- org.slf4j:slf4j-api:jar:1.7.22:compile
[INFO] |  |  \- (org.slf4j:jcl-over-slf4j:jar:1.7.22:compile - scope updated from runtime; omitted for duplicate)
[INFO] |  \- org.springframework:spring-aspects:jar:4.3.6.RELEASE:compile
[INFO] |     \- (org.aspectj:aspectjweaver:jar:1.8.9:compile - omitted for duplicate)
[INFO] \- commons-dbcp:commons-dbcp:jar:1.4:compile
[INFO]    \- commons-pool:commons-pool:jar:1.6:compile (version managed from 1.5.4)
[INFO] ------------------------------------------------------------------------
[INFO] BUILD SUCCESS
[INFO] ------------------------------------------------------------------------
[INFO] Total time: 13.264 s
[INFO] Finished at: 2018-01-10T12:24:22-03:00
[INFO] Final Memory: 24M/299M
[INFO] ------------------------------------------------------------------------
